2024-05-18 21:41:02 INFO  StartPage:38 - Нужный заголовок присутствует на странице сайта
2024-05-18 21:41:02 INFO  StartPage:46 - Нужный текст присутствует на странице сайта
2024-05-18 21:41:03 INFO  StartPage:90 - Элемент зачеркнут
2024-05-18 21:41:03 INFO  StartPage:90 - Элемент зачеркнут
2024-05-18 21:41:04 INFO  StartPage:90 - Элемент зачеркнут
2024-05-18 21:41:05 INFO  StartPage:90 - Элемент зачеркнут
2024-05-18 21:41:06 INFO  StartPage:90 - Элемент зачеркнут
2024-05-18 21:41:07 INFO  StartPage:54 - Элемент добавлен в список
2024-05-18 21:41:07 INFO  StartPage:61 - Кнопка добавления работает
2024-05-18 21:41:08 INFO  StartPage:90 - Элемент зачеркнут
2024-05-18 21:42:46 INFO  StartPage:38 - Нужный заголовок присутствует на странице сайта
2024-05-18 21:42:46 INFO  StartPage:46 - Нужный текст присутствует на странице сайта
2024-05-18 21:42:47 INFO  StartPage:90 - Элемент зачеркнут
2024-05-18 21:42:47 INFO  StartPage:90 - Элемент зачеркнут
2024-05-18 21:42:48 INFO  StartPage:90 - Элемент зачеркнут
2024-05-18 21:42:49 INFO  StartPage:90 - Элемент зачеркнут
2024-05-18 21:42:50 INFO  StartPage:90 - Элемент зачеркнут
2024-05-18 21:42:50 INFO  StartPage:54 - Элемент добавлен в список
2024-05-18 21:42:51 INFO  StartPage:90 - Элемент зачеркнут
2024-05-19 09:28:18 INFO  StartPage:38 - Нужный заголовок присутствует на странице сайта
2024-05-19 09:28:18 INFO  StartPage:46 - Нужный текст присутствует на странице сайта
2024-05-19 09:28:18 INFO  StartPage:83 - Элемент зачеркнут
2024-05-19 09:28:19 INFO  StartPage:83 - Элемент зачеркнут
2024-05-19 09:28:19 INFO  StartPage:83 - Элемент зачеркнут
2024-05-19 09:28:19 INFO  StartPage:83 - Элемент зачеркнут
2024-05-19 09:28:19 INFO  StartPage:83 - Элемент зачеркнут
2024-05-19 09:28:20 INFO  StartPage:54 - Элемент добавлен в список
2024-05-19 09:28:20 INFO  StartPage:83 - Элемент зачеркнут
2024-05-19 09:33:14 INFO  StartPage:38 - Нужный заголовок присутствует на странице сайта
2024-05-19 09:33:14 INFO  StartPage:46 - Нужный текст присутствует на странице сайта
2024-05-19 09:33:15 INFO  StartPage:83 - Элемент зачеркнут
2024-05-19 09:33:15 INFO  StartPage:83 - Элемент зачеркнут
2024-05-19 09:33:15 INFO  StartPage:83 - Элемент зачеркнут
2024-05-19 09:33:15 INFO  StartPage:83 - Элемент зачеркнут
2024-05-19 09:33:16 INFO  StartPage:83 - Элемент зачеркнут
2024-05-19 09:33:16 INFO  StartPage:54 - Элемент добавлен в список
2024-05-19 09:33:16 INFO  StartPage:83 - Элемент зачеркнут
2024-05-19 09:39:48 INFO  StartPage:38 - Нужный заголовок присутствует на странице сайта
2024-05-19 09:39:48 INFO  StartPage:46 - Нужный текст присутствует на странице сайта
2024-05-19 09:39:49 INFO  StartPage:83 - Элемент зачеркнут
2024-05-19 09:39:49 INFO  StartPage:83 - Элемент зачеркнут
2024-05-19 09:39:49 INFO  StartPage:83 - Элемент зачеркнут
2024-05-19 09:39:49 INFO  StartPage:83 - Элемент зачеркнут
2024-05-19 09:39:50 INFO  StartPage:83 - Элемент зачеркнут
2024-05-19 09:39:50 INFO  StartPage:54 - Элемент добавлен в список
2024-05-19 09:39:50 INFO  StartPage:83 - Элемент зачеркнут
2024-05-19 09:40:03 INFO  StartPage:38 - Нужный заголовок присутствует на странице сайта
2024-05-19 09:40:03 INFO  StartPage:46 - Нужный текст присутствует на странице сайта
2024-05-19 09:40:03 INFO  StartPage:83 - Элемент зачеркнут
2024-05-19 09:40:04 INFO  StartPage:83 - Элемент зачеркнут
2024-05-19 09:40:04 INFO  StartPage:83 - Элемент зачеркнут
2024-05-19 09:40:04 INFO  StartPage:83 - Элемент зачеркнут
2024-05-19 09:40:05 INFO  StartPage:83 - Элемент зачеркнут
2024-05-19 09:40:05 INFO  StartPage:54 - Элемент добавлен в список
2024-05-19 09:40:05 INFO  StartPage:83 - Элемент зачеркнут
2024-05-19 11:22:25 INFO  StartPage:38 - Нужный заголовок присутствует на странице сайта
2024-05-19 11:22:25 INFO  StartPage:46 - Нужный текст присутствует на странице сайта
2024-05-19 11:22:25 INFO  StartPage:83 - Элемент зачеркнут
2024-05-19 11:22:25 INFO  StartPage:83 - Элемент зачеркнут
2024-05-19 11:22:25 INFO  StartPage:83 - Элемент зачеркнут
2024-05-19 11:22:25 INFO  StartPage:83 - Элемент зачеркнут
2024-05-19 11:22:26 INFO  StartPage:83 - Элемент зачеркнут
2024-05-19 11:22:26 INFO  StartPage:54 - Элемент добавлен в список
2024-05-19 11:22:26 INFO  StartPage:83 - Элемент зачеркнут
2024-05-19 11:33:03 INFO  StartPage:38 - Нужный заголовок присутствует на странице сайта
2024-05-19 11:33:04 INFO  StartPage:46 - Нужный текст присутствует на странице сайта
2024-05-19 11:33:04 INFO  StartPage:83 - Элемент зачеркнут
2024-05-19 11:33:04 INFO  StartPage:83 - Элемент зачеркнут
2024-05-19 11:33:04 INFO  StartPage:83 - Элемент зачеркнут
2024-05-19 11:33:04 INFO  StartPage:83 - Элемент зачеркнут
2024-05-19 11:33:05 INFO  StartPage:83 - Элемент зачеркнут
2024-05-19 11:33:05 INFO  StartPage:54 - Элемент добавлен в список
2024-05-19 11:33:05 INFO  StartPage:83 - Элемент зачеркнут
2024-05-19 11:43:07 INFO  StartPage:38 - Нужный заголовок присутствует на странице сайта
2024-05-19 11:43:07 INFO  StartPage:46 - Нужный текст присутствует на странице сайта
2024-05-19 11:43:07 INFO  StartPage:83 - Элемент зачеркнут
2024-05-19 11:43:07 INFO  StartPage:83 - Элемент зачеркнут
2024-05-19 11:43:07 INFO  StartPage:83 - Элемент зачеркнут
2024-05-19 11:43:08 INFO  StartPage:83 - Элемент зачеркнут
2024-05-19 11:43:08 INFO  StartPage:83 - Элемент зачеркнут
2024-05-19 11:43:08 INFO  StartPage:54 - Элемент добавлен в список
2024-05-19 11:43:09 INFO  StartPage:83 - Элемент зачеркнут
2024-05-19 11:44:11 INFO  StartPage:38 - Нужный заголовок присутствует на странице сайта
2024-05-19 11:44:12 INFO  StartPage:46 - Нужный текст присутствует на странице сайта
2024-05-19 11:44:12 INFO  StartPage:83 - Элемент зачеркнут
2024-05-19 11:44:12 INFO  StartPage:83 - Элемент зачеркнут
2024-05-19 11:44:13 INFO  StartPage:83 - Элемент зачеркнут
2024-05-19 11:44:14 INFO  StartPage:83 - Элемент зачеркнут
2024-05-19 11:44:14 INFO  StartPage:83 - Элемент зачеркнут
2024-05-19 11:44:15 INFO  StartPage:54 - Элемент добавлен в список
2024-05-19 11:44:15 INFO  StartPage:83 - Элемент зачеркнут
2024-05-19 11:44:20 INFO  StartPage:38 - Нужный заголовок присутствует на странице сайта
2024-05-19 11:44:20 INFO  StartPage:46 - Нужный текст присутствует на странице сайта
2024-05-19 11:44:20 INFO  StartPage:83 - Элемент зачеркнут
2024-05-19 11:44:21 INFO  StartPage:83 - Элемент зачеркнут
2024-05-19 11:44:21 INFO  StartPage:83 - Элемент зачеркнут
2024-05-19 11:44:21 INFO  StartPage:83 - Элемент зачеркнут
2024-05-19 11:44:22 INFO  StartPage:83 - Элемент зачеркнут
2024-05-19 11:44:22 INFO  StartPage:54 - Элемент добавлен в список
2024-05-19 11:44:22 INFO  StartPage:83 - Элемент зачеркнут
2024-05-19 11:44:38 INFO  StartPage:38 - Нужный заголовок присутствует на странице сайта
2024-05-19 11:44:38 INFO  StartPage:46 - Нужный текст присутствует на странице сайта
2024-05-19 11:44:38 INFO  StartPage:83 - Элемент зачеркнут
2024-05-19 11:44:39 INFO  StartPage:83 - Элемент зачеркнут
2024-05-19 11:44:39 INFO  StartPage:83 - Элемент зачеркнут
2024-05-19 11:44:39 INFO  StartPage:83 - Элемент зачеркнут
2024-05-19 11:44:40 INFO  StartPage:83 - Элемент зачеркнут
2024-05-19 11:44:40 INFO  StartPage:54 - Элемент добавлен в список
2024-05-19 11:44:40 INFO  StartPage:83 - Элемент зачеркнут
2024-05-19 12:08:34 INFO  StartPage:40 - Нужный заголовок присутствует на странице сайта
2024-05-19 12:08:34 INFO  StartPage:48 - Нужный текст присутствует на странице сайта
2024-05-19 12:08:34 INFO  StartPage:85 - Элемент зачеркнут
2024-05-19 12:08:35 INFO  StartPage:85 - Элемент зачеркнут
2024-05-19 12:08:35 INFO  StartPage:85 - Элемент зачеркнут
2024-05-19 12:08:36 INFO  StartPage:85 - Элемент зачеркнут
2024-05-19 12:08:37 INFO  StartPage:85 - Элемент зачеркнут
2024-05-19 12:08:38 INFO  StartPage:56 - Элемент добавлен в список
2024-05-19 12:08:39 INFO  StartPage:85 - Элемент зачеркнут
2024-05-19 12:10:23 INFO  StartPage:40 - Нужный заголовок присутствует на странице сайта
2024-05-19 12:10:23 INFO  StartPage:48 - Нужный текст присутствует на странице сайта
2024-05-19 12:10:24 INFO  StartPage:85 - Элемент зачеркнут
2024-05-19 12:10:25 INFO  StartPage:85 - Элемент зачеркнут
2024-05-19 12:10:25 INFO  StartPage:85 - Элемент зачеркнут
2024-05-19 12:10:26 INFO  StartPage:85 - Элемент зачеркнут
2024-05-19 12:10:27 INFO  StartPage:85 - Элемент зачеркнут
2024-05-19 12:10:28 INFO  StartPage:56 - Элемент добавлен в список
2024-05-19 12:10:29 INFO  StartPage:85 - Элемент зачеркнут
2024-05-19 12:24:04 INFO  StartPage:27 - Открыли меню
2024-05-19 12:38:12 INFO  StartPage:40 - Нужный заголовок присутствует на странице сайта
2024-05-19 12:38:13 INFO  StartPage:48 - Нужный текст присутствует на странице сайта
2024-05-19 12:38:13 INFO  StartPage:85 - Элемент зачеркнут
2024-05-19 12:38:13 INFO  StartPage:85 - Элемент зачеркнут
2024-05-19 12:38:14 INFO  StartPage:85 - Элемент зачеркнут
2024-05-19 12:38:15 INFO  StartPage:85 - Элемент зачеркнут
2024-05-19 12:38:15 INFO  StartPage:85 - Элемент зачеркнут
2024-05-19 12:38:16 INFO  StartPage:56 - Элемент добавлен в список
2024-05-19 12:38:16 INFO  StartPage:85 - Элемент зачеркнут
2024-05-19 12:57:06 INFO  StartPage:35 - Открыли меню
2024-05-19 12:58:56 INFO  StartPage:35 - Открыли меню
2024-05-19 13:05:14 INFO  StartPage:32 - Открыли меню
2024-05-19 13:10:45 INFO  StartPage:32 - Открыли меню
2024-05-19 13:40:37 INFO  StartPage:39 - Навели курсор на текст 'Обучающимся'
2024-05-19 13:55:33 INFO  StartPage:31 - Открыли меню
2024-05-19 13:55:34 INFO  StartPage:40 - Навели курсор на текст 'Обучающимся'
2024-05-19 13:55:36 INFO  StartPage:48 - Нажали на ссылку 'Расписание'
2024-05-19 14:09:39 INFO  StartPage:31 - Открыли меню
2024-05-19 14:09:40 INFO  StartPage:41 - Навели курсор на текст 'Обучающимся'
2024-05-19 14:09:42 INFO  StartPage:49 - Нажали на ссылку 'Расписание'
2024-05-19 14:33:24 INFO  StartPage:31 - Открыли меню
2024-05-19 14:33:26 INFO  StartPage:41 - Навели курсор на текст 'Обучающимся'
2024-05-19 14:33:30 INFO  StartPage:49 - Нажали на ссылку 'Расписание'
2024-05-19 16:08:32 INFO  StartPage:31 - Открыли меню
2024-05-19 16:08:34 INFO  StartPage:41 - Навели курсор на текст 'Обучающимся'
2024-05-19 16:08:42 INFO  StartPage:49 - Нажали на ссылку 'Расписание'
2024-05-19 16:10:06 INFO  StartPage:31 - Открыли меню
2024-05-19 16:10:07 INFO  StartPage:41 - Навели курсор на текст 'Обучающимся'
2024-05-19 16:11:13 INFO  StartPage:31 - Открыли меню
2024-05-19 16:11:15 INFO  StartPage:41 - Навели курсор на текст 'Обучающимся'
2024-05-19 16:11:17 INFO  StartPage:49 - Нажали на ссылку 'Расписание'
2024-05-19 16:13:30 INFO  StartPage:31 - Открыли меню
2024-05-19 16:13:32 INFO  StartPage:41 - Навели курсор на текст 'Обучающимся'
2024-05-19 16:13:35 INFO  StartPage:49 - Нажали на ссылку 'Расписание'
2024-05-19 16:15:11 INFO  StartPage:31 - Открыли меню
2024-05-19 16:15:12 INFO  StartPage:41 - Навели курсор на текст 'Обучающимся'
2024-05-19 16:15:16 INFO  StartPage:49 - Нажали на ссылку 'Расписание'
2024-05-19 16:17:35 INFO  StartPage:31 - Открыли меню
2024-05-19 16:17:37 INFO  StartPage:41 - Навели курсор на текст 'Обучающимся'
2024-05-19 16:17:39 INFO  StartPage:49 - Нажали на ссылку 'Расписание'
2024-05-19 16:18:23 INFO  StartPage:31 - Открыли меню
2024-05-19 16:18:25 INFO  StartPage:41 - Навели курсор на текст 'Обучающимся'
2024-05-19 16:18:29 INFO  StartPage:49 - Нажали на ссылку 'Расписание'
2024-05-19 16:18:57 INFO  StartPage:31 - Открыли меню
2024-05-19 16:18:59 INFO  StartPage:41 - Навели курсор на текст 'Обучающимся'
2024-05-19 16:19:03 INFO  StartPage:49 - Нажали на ссылку 'Расписание'
2024-05-19 16:19:03 INFO  StartPage:25 - Нужный заголовок присутствует на странице расписания
2024-05-19 16:19:04 INFO  StartPage:33 - Кликнули на ссылку для просмотра расписания на сайте
2024-05-19 16:24:24 INFO  StartPage:31 - Открыли меню
2024-05-19 16:24:25 INFO  StartPage:41 - Навели курсор на текст 'Обучающимся'
2024-05-19 16:24:28 INFO  StartPage:49 - Нажали на ссылку 'Расписание'
2024-05-19 16:24:29 INFO  StartPage:25 - Нужный заголовок присутствует на странице расписания
2024-05-19 16:24:29 INFO  StartPage:33 - Кликнули на ссылку для просмотра расписания на сайте
2024-05-19 16:31:41 INFO  StartPage:31 - Открыли меню
2024-05-19 16:31:42 INFO  StartPage:41 - Навели курсор на текст 'Обучающимся'
2024-05-19 16:31:47 INFO  StartPage:49 - Нажали на ссылку 'Расписание'
2024-05-19 16:31:47 INFO  StartPage:25 - Нужный заголовок присутствует на странице расписания
2024-05-19 16:31:47 INFO  StartPage:33 - Кликнули на ссылку для просмотра расписания на сайте
2024-05-19 16:33:07 INFO  StartPage:31 - Открыли меню
2024-05-19 16:33:09 INFO  StartPage:41 - Навели курсор на текст 'Обучающимся'
2024-05-19 16:33:11 INFO  StartPage:49 - Нажали на ссылку 'Расписание'
2024-05-19 16:33:11 INFO  StartPage:25 - Нужный заголовок присутствует на странице расписания
2024-05-19 16:33:13 INFO  StartPage:33 - Кликнули на ссылку для просмотра расписания на сайте
